<?xml version="1.0" encoding="UTF-8"?>
<!-- Generated by org.testng.reporters.JUnitXMLReporter -->
<testsuite hostname="userjudi-PC" name="Test" tests="5" failures="0" timestamp="3 Mar 2017 17:08:19 GMT" time="11.492" errors="0">
  <testcase name="goToLogin" time="0.08" classname="Tests.AppTest"/>
  <testcase name="initSession" time="2.09" classname="Tests.AppTest"/>
  <testcase name="searchProductInStore" time="0.135" classname="Tests.AppTest"/>
  <testcase name="selectProduct" time="1.559" classname="Tests.AppTest"/>
  <testcase name="buyProduct" time="2.628" classname="Tests.AppTest"/>
</testsuite> <!-- Test -->
